#
# A fatal error has been detected by the Java Runtime Environment:
#
#  SIGSEGV (0xb) at pc=0x0000000101f6e210, pid=21572, tid=4355
#
# JRE version: Java(TM) SE Runtime Environment 18.9 (11.0.17+10) (build 11.0.17+10-LTS-269)
# Java VM: Java HotSpot(TM) 64-Bit Server VM 18.9 (11.0.17+10-LTS-269, mixed mode, tiered, compressed oops, g1 gc, bsd-aarch64)
# Problematic frame:
# V  [libjvm.dylib+0x63a210]  AccessInternal::PostRuntimeDispatch<G1BarrierSet::AccessBarrier<1097844ull, G1BarrierSet>, (AccessInternal::BarrierType)2, 1097844ull>::oop_access_barrier(void*)+0x8
#
# No core dump will be written. Core dumps have been disabled. To enable core dumping, try "ulimit -c unlimited" before starting Java again
#
# If you would like to submit a bug report, please visit:
#   https://bugreport.java.com/bugreport/crash.jsp
#

---------------  S U M M A R Y ------------

Command Line: -agentlib:jdwp=transport=dt_socket,suspend=y,address=localhost:52738 -javaagent:/Users/hemanthsaiyeddulapalli/eclipse/jee-2022-12/Eclipse.app/Contents/Eclipse/configuration/org.eclipse.osgi/412/0/.cp/lib/javaagent-shaded.jar -Dfile.encoding=UTF-8 org.apache.catalina.startup.Tomcat$1

Host: Mac14,2 arm64 1 MHz, 8 cores, 8G, Darwin 22.2.0
Time: Mon Feb 27 12:46:24 2023 CST elapsed time: 0.524943 seconds (0d 0h 0m 0s)

---------------  T H R E A D  ---------------

Current thread (0x0000000154817000):  JavaThread "main" [_thread_in_vm, id=4355, stack(0x000000016f1a0000,0x000000016f3a3000)]

Stack: [0x000000016f1a0000,0x000000016f3a3000],  sp=0x000000016f3a2dd0,  free space=2059k
Native frames: (J=compiled Java code, j=interpreted, Vv=VM code, C=native code)
V  [libjvm.dylib+0x63a210]  AccessInternal::PostRuntimeDispatch<G1BarrierSet::AccessBarrier<1097844ull, G1BarrierSet>, (AccessInternal::BarrierType)2, 1097844ull>::oop_access_barrier(void*)+0x8
V  [libjvm.dylib+0x36e604]  jni_GetStringUTFChars+0x130
C  [libjli.dylib+0x7ea8]  PostJVMInit+0xc4
C  [libjli.dylib+0x59a0]  JavaMain+0xac0
C  [libjli.dylib+0x7b38]  ThreadJavaMain+0xc
C  [libsystem_pthread.dylib+0x706c]  _pthread_start+0x94


siginfo: si_signo: 11 (SIGSEGV), si_code: 2 (SEGV_ACCERR), si_addr: 0x0000000000000000

Register to memory mapping:

 x0=0x0 is NULL
 x1=0x0 is NULL
 x2=0x0 is NULL
 x3={method} {0x000000011eff2318} 'getCanonicalName' '()Ljava/lang/String;' in 'java/lang/Class'
 x4=0x0000000109b86180 is at code_begin+0 in an Interpreter codelet
method entry point (kind = zerolocals)  [0x0000000109b86180, 0x0000000109b86740]  1472 bytes
 x5=0x000000016f3a2cc8 is pointing into the stack for thread: 0x0000000154817000
 x6=0x0000000100000001 is an unknown value
 x7=0x0000000154817000 is a thread
 x8=0x0000000101f6e208: _ZN14AccessInternal19PostRuntimeDispatchIN12G1BarrierSet13AccessBarrierILy1097844ES1_EELNS_11BarrierTypeE2ELy1097844EE18oop_access_barrierEPv+0 in /Library/Java/JavaVirtualMachines/jdk-11.0.17.jdk/Contents/Home/lib/server/libjvm.dylib at 0x0000000101934000
 x9=0x0000000000000008 is an unknown value
x10=0x2010002030300000 is an unknown value
x11=0x0000000000000001 is an unknown value
x12=0x0 is NULL
x13={method} {0x000000011eff2318} 'getCanonicalName' '()Ljava/lang/String;' in 'java/lang/Class'
x14=0x00000001590951a0 points into unknown readable memory: 0x6a4cff2fffff0012 | 12 00 ff ff 2f ff 4c 6a
x15=0x0000000102164018: _ZN9vmSymbols8_symbolsE+0xc8 in /Library/Java/JavaVirtualMachines/jdk-11.0.17.jdk/Contents/Home/lib/server/libjvm.dylib at 0x0000000101934000
x16=0x000000019c7c5d54: pthread_jit_write_protect_np+0 in /usr/lib/system/libsystem_pthread.dylib at 0x000000019c7be000
x17=0x0000600003230180 points into unknown readable memory: 0x0000000000000000 | 00 00 00 00 00 00 00 00
x18=0x0000000746ea5843 is pointing into object: [B 
{0x0000000746ea5818} - klass: {type array byte}
 - length: 27
x19=0x0000000000000001 is an unknown value
x20=0x0000000154817000 is a thread
x21=0x0 is NULL
x22=0x0 is NULL
x23=0x0000000154817350 points into unknown readable memory: 0x0000000102114c38 | 38 4c 11 02 01 00 00 00
x24=0x0000000154817000 is a thread
x25=0x0000600002923158 points into unknown readable memory: 0x0000000121593898 | 98 38 59 21 01 00 00 00
x26=0x0000600002938078 points into unknown readable memory: 0x0000000000000000 | 00 00 00 00 00 00 00 00
x27=0x0 is NULL
x28=0x0000600001234180 points into unknown readable memory: 0x4c2805d200030077 | 77 00 03 00 d2 05 28 4c


Registers:
 x0=0x0000000000000000  x1=0x0000000000000000  x2=0x0000000000000000  x3=0x000000011eff2318
 x4=0x0000000109b86180  x5=0x000000016f3a2cc8  x6=0x0000000100000001  x7=0x0000000154817000
 x8=0x0000000101f6e208  x9=0x0000000000000008 x10=0x2010002030300000 x11=0x0000000000000001
x12=0x0000000000000000 x13=0x000000011eff2318 x14=0x00000001590951a0 x15=0x0000000102164018
x16=0x000000019c7c5d54 x17=0x0000600003230180 x18=0x0000000746ea5843 x19=0x0000000000000001
x20=0x0000000154817000 x21=0x0000000000000000 x22=0x0000000000000000 x23=0x0000000154817350
x24=0x0000000154817000 x25=0x0000600002923158 x26=0x0000600002938078 x27=0x0000000000000000
x28=0x0000600001234180  fp=0x000000016f3a2dd0  lr=0x0000000101ca2604  sp=0x000000016f3a2dd0
pc=0x0000000101f6e210 cpsr=0x0000000040001000
Top of Stack: (sp=0x000000016f3a2dd0)
0x000000016f3a2dd0:   000000016f3a2e60 0000000101ca2604
0x000000016f3a2de0:   0000600001234180 0000000000000000
0x000000016f3a2df0:   0000000155004ef8 0000000154817350
0x000000016f3a2e00:   000000016f3a2e20 0000000154817000
0x000000016f3a2e10:   0000000000000000 0000000000000001
0x000000016f3a2e20:   000000016f3a2e60 0000000154817000
0x000000016f3a2e30:   0000000155004ef8 0000000154817350
0x000000016f3a2e40:   0000000155004f18 0000000155004f10
0x000000016f3a2e50:   0000000000000000 0000000154817350
0x000000016f3a2e60:   000000016f3a2ef0 0000000100dabea8
0x000000016f3a2e70:   0000000155004ef8 0000000154817350
0x000000016f3a2e80:   000000016f3a2ea0 0000000101a722d0
0x000000016f3a2e90:   0000000154817000 0000000000000001
0x000000016f3a2ea0:   000000016f3a2ef0 673a000101c8d5b0
0x000000016f3a2eb0:   000000016f3a2ef0 0000000154817000
0x000000016f3a2ec0:   0000000155004ef8 9fb17794611100a7
0x000000016f3a2ed0:   0000000155004f18 0000000155004f10
0x000000016f3a2ee0:   0000000000000040 0000000155004f28
0x000000016f3a2ef0:   000000016f3a2fb0 0000000100da99a0
0x000000016f3a2f00:   0000000000000001 0000000000000001
0x000000016f3a2f10:   0000000155004f08 0000000000000000
0x000000016f3a2f20:   0000000000000000 0000000000000000
0x000000016f3a2f30:   0000000000000001 0000000154817350
0x000000016f3a2f40:   0000000102114c30 0000000600010002
0x000000016f3a2f50:   0000600001234180 0000000000000000
0x000000016f3a2f60:   0000000000000000 0000000000000000
0x000000016f3a2f70:   0000000000000000 0000000000000000
0x000000016f3a2f80:   0000000000000000 0000000000000000
0x000000016f3a2f90:   0000000000000000 0000000000000000
0x000000016f3a2fa0:   0000000000000000 000000016f3a3000
0x000000016f3a2fb0:   000000016f3a2fc0 0000000100dabb38
0x000000016f3a2fc0:   000000016f3a2fe0 000000019c7c506c 

Instructions: (pc=0x0000000101f6e210)
0x0000000101f6e110:   00 00 80 d2 fd 7b c1 a8 c0 03 5f d6 00 00 00 00
0x0000000101f6e120:   00 00 00 00 00 00 00 00 00 00 00 00 00 00 00 00
0x0000000101f6e130:   f4 4f be a9 fd 7b 01 a9 fd 43 00 91 f3 03 00 aa
0x0000000101f6e140:   a8 0e 00 d0 08 81 07 91 08 01 40 39 68 00 00 34
0x0000000101f6e150:   0a 00 00 94 02 00 00 14 0e 1b ef 97 e1 03 00 aa
0x0000000101f6e160:   08 0d 00 d0 00 19 03 f9 e0 03 13 aa fd 7b 41 a9
0x0000000101f6e170:   f4 4f c2 a8 20 00 1f d6 fd 7b bf a9 fd 03 00 91
0x0000000101f6e180:   68 0e 00 f0 1f 20 03 d5 08 61 44 f9 08 11 40 b9
0x0000000101f6e190:   08 05 00 51 1f 0d 00 71 c2 00 00 54 c9 0c 00 b0
0x0000000101f6e1a0:   29 c1 39 91 20 d9 68 f8 fd 7b c1 a8 c0 03 5f d6
0x0000000101f6e1b0:   81 44 44 30 1f 20 03 d5 a3 45 44 70 1f 20 03 d5
0x0000000101f6e1c0:   00 00 bc 52 e2 1d 80 52 b3 ce ee 97 a6 d1 fb 97
0x0000000101f6e1d0:   00 00 80 d2 fd 7b c1 a8 c0 03 5f d6 00 00 00 00
0x0000000101f6e1e0:   fd 7b bf a9 fd 03 00 91 00 00 40 f9 fd 7b c1 a8
0x0000000101f6e1f0:   c0 03 5f d6 00 00 00 00 00 00 00 00 00 00 00 00
0x0000000101f6e200:   00 00 00 00 00 00 00 00 fd 7b bf a9 fd 03 00 91
0x0000000101f6e210:   00 00 40 f9 fd 7b c1 a8 c0 03 5f d6 00 00 00 00
0x0000000101f6e220:   00 00 00 00 00 00 00 00 00 00 00 00 00 00 00 00
0x0000000101f6e230:   fd 7b bf a9 fd 03 00 91 00 00 40 f9 fd 7b c1 a8
0x0000000101f6e240:   c0 03 5f d6 00 00 00 00 00 00 00 00 00 00 00 00
0x0000000101f6e250:   00 00 00 00 00 00 00 00 ff 83 00 d1 fd 7b 01 a9
0x0000000101f6e260:   fd 43 00 91 81 04 00 b4 28 5c 40 f9 bf 39 03 d5
0x0000000101f6e270:   28 04 00 b4 08 f9 7f 92 09 04 40 f9 20 05 40 f9
0x0000000101f6e280:   29 36 8f 52 e9 c6 b3 72 09 7d 09 1b ea aa 90 52
0x0000000101f6e290:   2a e4 af 72 2a 7d aa 9b 4a fd 69 d3 eb 80 80 52
0x0000000101f6e2a0:   4a a5 0b 1b 0a 58 6a f8 aa 01 00 b4 4b 01 40 b9
0x0000000101f6e2b0:   7f 01 09 6b 81 00 00 54 4b 05 40 f9 7f 01 08 eb
0x0000000101f6e2c0:   80 00 00 54 4a 0d 40 f9 2a ff ff b5 04 00 00 14
0x0000000101f6e2d0:   49 11 40 b9 3f 05 00 71 e0 00 00 54 e8 07 00 f9
0x0000000101f6e2e0:   28 00 80 52 e8 07 00 b9 e1 23 00 91 e2 13 00 91
0x0000000101f6e2f0:   04 00 00 94 fd 7b 41 a9 ff 83 00 91 c0 03 5f d6
0x0000000101f6e300:   f6 57 bd a9 f4 4f 01 a9 fd 7b 02 a9 fd 83 00 91 


Stack slot to memory mapping:
stack at sp + 0 slots: 0x000000016f3a2e60 is pointing into the stack for thread: 0x0000000154817000
stack at sp + 1 slots: 0x0000000101ca2604: jni_GetStringUTFChars+0x130 in /Library/Java/JavaVirtualMachines/jdk-11.0.17.jdk/Contents/Home/lib/server/libjvm.dylib at 0x0000000101934000
stack at sp + 2 slots: 0x0000600001234180 points into unknown readable memory: 0x4c2805d200030077 | 77 00 03 00 d2 05 28 4c
stack at sp + 3 slots: 0x0 is NULL
stack at sp + 4 slots: 0x0000000155004ef8 points into unknown readable memory: 0x00000007473f24d0 | d0 24 3f 47 07 00 00 00
stack at sp + 5 slots: 0x0000000154817350 points into unknown readable memory: 0x0000000102114c38 | 38 4c 11 02 01 00 00 00
stack at sp + 6 slots: 0x000000016f3a2e20 is pointing into the stack for thread: 0x0000000154817000
stack at sp + 7 slots: 0x0000000154817000 is a thread


---------------  P R O C E S S  ---------------

Threads class SMR info:
_java_thread_list=0x0000600003c25420, length=12, elements={
0x0000000154817000, 0x0000000153022800, 0x0000000153023800, 0x00000001548e8800,
0x00000001548eb800, 0x00000001548ec000, 0x00000001548ed000, 0x000000015301a800,
0x0000000154952800, 0x0000000154985800, 0x000000015301b800, 0x0000000154986800
}
_to_delete_list=0x0000600003c36d40, length=11, elements={
0x0000000154817000, 0x0000000153022800, 0x0000000153023800, 0x00000001548e8800,
0x00000001548eb800, 0x00000001548ec000, 0x00000001548ed000, 0x000000015301a800,
0x0000000154952800, 0x0000000154985800, 0x000000015301b800
}

Java Threads: ( => current thread )
=>0x0000000154817000 JavaThread "main" [_thread_in_vm, id=4355, stack(0x000000016f1a0000,0x000000016f3a3000)]
  0x0000000153022800 JavaThread "Reference Handler" daemon [_thread_blocked, id=16643, stack(0x000000016fff4000,0x00000001701f7000)]
  0x0000000153023800 JavaThread "Finalizer" daemon [_thread_blocked, id=20483, stack(0x0000000170200000,0x0000000170403000)]
  0x00000001548e8800 JavaThread "Signal Dispatcher" daemon [_thread_blocked, id=18691, stack(0x0000000170524000,0x0000000170727000)]
  0x00000001548eb800 JavaThread "Service Thread" daemon [_thread_blocked, id=22019, stack(0x0000000170730000,0x0000000170933000)]
  0x00000001548ec000 JavaThread "C2 CompilerThread0" daemon [_thread_blocked, id=31747, stack(0x000000017093c000,0x0000000170b3f000)]
  0x00000001548ed000 JavaThread "C1 CompilerThread0" daemon [_thread_blocked, id=22787, stack(0x0000000170b48000,0x0000000170d4b000)]
  0x000000015301a800 JavaThread "Sweeper thread" daemon [_thread_blocked, id=31235, stack(0x0000000170d54000,0x0000000170f57000)]
  0x0000000154952800 JavaThread "Common-Cleaner" daemon [_thread_blocked, id=30467, stack(0x0000000170f60000,0x0000000171163000)]
  0x0000000154985800 JavaThread "JDWP Transport Listener: dt_socket" daemon [_thread_blocked, id=23555, stack(0x000000017116c000,0x000000017136f000)]
  0x000000015301b800 JavaThread "JDWP Event Helper Thread" daemon [_thread_blocked, id=24067, stack(0x0000000171378000,0x000000017157b000)]
  0x0000000154986800 JavaThread "JDWP Command Reader" daemon [_thread_in_native, id=24835, stack(0x0000000171584000,0x0000000171787000)]

Other Threads:
  0x0000000154018000 VMThread "VM Thread" [stack: 0x000000016fde8000,0x000000016ffeb000] [id=16387]
  0x0000000154d5d000 WatcherThread [stack: 0x0000000171790000,0x0000000171993000] [id=29699]
  0x0000000154818800 GCTaskThread "GC Thread#0" [stack: 0x000000016f3ac000,0x000000016f5af000] [id=15875]
  0x000000015483e000 ConcurrentGCThread "G1 Main Marker" [stack: 0x000000016f5b8000,0x000000016f7bb000] [id=15363]
  0x000000015483f000 ConcurrentGCThread "G1 Conc#0" [stack: 0x000000016f7c4000,0x000000016f9c7000] [id=14595]
  0x000000015489f800 ConcurrentGCThread "G1 Refine#0" [stack: 0x000000016f9d0000,0x000000016fbd3000] [id=12291]
  0x00000001548a0800 ConcurrentGCThread "G1 Young RemSet Sampling" [stack: 0x000000016fbdc000,0x000000016fddf000] [id=13827]

Threads with active compile tasks:

VM state:not at safepoint (normal execution)

VM Mutex/Monitor currently owned by a thread: None

Heap address: 0x0000000740000000, size: 2048 MB, Compressed Oops mode: Zero based, Oop shift amount: 3
Narrow klass base: 0x0000000800000000, Narrow klass shift: 0
Compressed class space size: 1073741824 Address: 0x0000000800000000

Heap:
 garbage-first heap   total 131072K, used 18432K [0x0000000740000000, 0x00000007c0000000)
  region size 1024K, 18 young (18432K), 0 survivors (0K)
 Metaspace       used 10021K, capacity 10180K, committed 10496K, reserved 1058816K
  class space    used 873K, capacity 943K, committed 1024K, reserved 1048576K
Heap Regions: E=young(eden), S=young(survivor), O=old, HS=humongous(starts), HC=humongous(continues), CS=collection set, F=free, A=archive, TAMS=top-at-mark-start (previous, next)
|   0|0x0000000740000000, 0x0000000740100000, 0x0000000740100000|100%|HS|  |TAMS 0x0000000740000000, 0x0000000740000000| Complete 
|   1|0x0000000740100000, 0x0000000740200000, 0x0000000740200000|100%|HC|  |TAMS 0x0000000740100000, 0x0000000740100000| Complete 
|   2|0x0000000740200000, 0x0000000740200000, 0x0000000740300000|  0%| F|  |TAMS 0x0000000740200000, 0x0000000740200000| Untracked 
|   3|0x0000000740300000, 0x0000000740300000, 0x0000000740400000|  0%| F|  |TAMS 0x0000000740300000, 0x0000000740300000| Untracked 
|   4|0x0000000740400000, 0x0000000740400000, 0x0000000740500000|  0%| F|  |TAMS 0x0000000740400000, 0x0000000740400000| Untracked 
|   5|0x0000000740500000, 0x0000000740500000, 0x0000000740600000|  0%| F|  |TAMS 0x0000000740500000, 0x0000000740500000| Untracked 
|   6|0x0000000740600000, 0x0000000740600000, 0x0000000740700000|  0%| F|  |TAMS 0x0000000740600000, 0x0000000740600000| Untracked 
|   7|0x0000000740700000, 0x0000000740700000, 0x0000000740800000|  0%| F|  |TAMS 0x0000000740700000, 0x0000000740700000| Untracked 
|   8|0x0000000740800000, 0x0000000740800000, 0x0000000740900000|  0%| F|  |TAMS 0x0000000740800000, 0x0000000740800000| Untracked 
|   9|0x0000000740900000, 0x0000000740900000, 0x0000000740a00000|  0%| F|  |TAMS 0x0000000740900000, 0x0000000740900000| Untracked 
|  10|0x0000000740a00000, 0x0000000740a00000, 0x0000000740b00000|  0%| F|  |TAMS 0x0000000740a00000, 0x0000000740a00000| Untracked 
|  11|0x0000000740b00000, 0x0000000740b00000, 0x0000000740c00000|  0%| F|  |TAMS 0x0000000740b00000, 0x0000000740b00000| Untracked 
|  12|0x0000000740c00000, 0x0000000740c00000, 0x0000000740d00000|  0%| F|  |TAMS 0x0000000740c00000, 0x0000000740c00000| Untracked 
|  13|0x0000000740d00000, 0x0000000740d00000, 0x0000000740e00000|  0%| F|  |TAMS 0x0000000740d00000, 0x0000000740d00000| Untracked 
|  14|0x0000000740e00000, 0x0000000740e00000, 0x0000000740f00000|  0%| F|  |TAMS 0x0000000740e00000, 0x0000000740e00000| Untracked 
|  15|0x0000000740f00000, 0x0000000740f00000, 0x0000000741000000|  0%| F|  |TAMS 0x0000000740f00000, 0x0000000740f00000| Untracked 
|  16|0x0000000741000000, 0x0000000741000000, 0x0000000741100000|  0%| F|  |TAMS 0x0000000741000000, 0x0000000741000000| Untracked 
|  17|0x0000000741100000, 0x0000000741100000, 0x0000000741200000|  0%| F|  |TAMS 0x0000000741100000, 0x0000000741100000| Untracked 
|  18|0x0000000741200000, 0x0000000741200000, 0x0000000741300000|  0%| F|  |TAMS 0x0000000741200000, 0x0000000741200000| Untracked 
|  19|0x0000000741300000, 0x0000000741300000, 0x0000000741400000|  0%| F|  |TAMS 0x0000000741300000, 0x0000000741300000| Untracked 
|  20|0x0000000741400000, 0x0000000741400000, 0x0000000741500000|  0%| F|  |TAMS 0x0000000741400000, 0x0000000741400000| Untracked 
|  21|0x0000000741500000, 0x0000000741500000, 0x0000000741600000|  0%| F|  |TAMS 0x0000000741500000, 0x0000000741500000| Untracked 
|  22|0x0000000741600000, 0x0000000741600000, 0x0000000741700000|  0%| F|  |TAMS 0x0000000741600000, 0x0000000741600000| Untracked 
|  23|0x0000000741700000, 0x0000000741700000, 0x0000000741800000|  0%| F|  |TAMS 0x0000000741700000, 0x0000000741700000| Untracked 
|  24|0x0000000741800000, 0x0000000741800000, 0x0000000741900000|  0%| F|  |TAMS 0x0000000741800000, 0x0000000741800000| Untracked 
|  25|0x0000000741900000, 0x0000000741900000, 0x0000000741a00000|  0%| F|  |TAMS 0x0000000741900000, 0x0000000741900000| Untracked 
|  26|0x0000000741a00000, 0x0000000741a00000, 0x0000000741b00000|  0%| F|  |TAMS 0x0000000741a00000, 0x0000000741a00000| Untracked 
|  27|0x0000000741b00000, 0x0000000741b00000, 0x0000000741c00000|  0%| F|  |TAMS 0x0000000741b00000, 0x0000000741b00000| Untracked 
|  28|0x0000000741c00000, 0x0000000741c00000, 0x0000000741d00000|  0%| F|  |TAMS 0x0000000741c00000, 0x0000000741c00000| Untracked 
|  29|0x0000000741d00000, 0x0000000741d00000, 0x0000000741e00000|  0%| F|  |TAMS 0x0000000741d00000, 0x0000000741d00000| Untracked 
|  30|0x0000000741e00000, 0x0000000741e00000, 0x0000000741f00000|  0%| F|  |TAMS 0x0000000741e00000, 0x0000000741e00000| Untracked 
|  31|0x0000000741f00000, 0x0000000741f00000, 0x0000000742000000|  0%| F|  |TAMS 0x0000000741f00000, 0x0000000741f00000| Untracked 
|  32|0x0000000742000000, 0x0000000742000000, 0x0000000742100000|  0%| F|  |TAMS 0x0000000742000000, 0x0000000742000000| Untracked 
|  33|0x0000000742100000, 0x0000000742100000, 0x0000000742200000|  0%| F|  |TAMS 0x0000000742100000, 0x0000000742100000| Untracked 
|  34|0x0000000742200000, 0x0000000742200000, 0x0000000742300000|  0%| F|  |TAMS 0x0000000742200000, 0x0000000742200000| Untracked 
|  35|0x0000000742300000, 0x0000000742300000, 0x0000000742400000|  0%| F|  |TAMS 0x0000000742300000, 0x0000000742300000| Untracked 
|  36|0x0000000742400000, 0x0000000742400000, 0x0000000742500000|  0%| F|  |TAMS 0x0000000742400000, 0x0000000742400000| Untracked 
|  37|0x0000000742500000, 0x0000000742500000, 0x0000000742600000|  0%| F|  |TAMS 0x0000000742500000, 0x0000000742500000| Untracked 
|  38|0x0000000742600000, 0x0000000742600000, 0x0000000742700000|  0%| F|  |TAMS 0x0000000742600000, 0x0000000742600000| Untracked 
|  39|0x0000000742700000, 0x0000000742700000, 0x0000000742800000|  0%| F|  |TAMS 0x0000000742700000, 0x0000000742700000| Untracked 
|  40|0x0000000742800000, 0x0000000742800000, 0x0000000742900000|  0%| F|  |TAMS 0x0000000742800000, 0x0000000742800000| Untracked 
|  41|0x0000000742900000, 0x0000000742900000, 0x0000000742a00000|  0%| F|  |TAMS 0x0000000742900000, 0x0000000742900000| Untracked 
|  42|0x0000000742a00000, 0x0000000742a00000, 0x0000000742b00000|  0%| F|  |TAMS 0x0000000742a00000, 0x0000000742a00000| Untracked 
|  43|0x0000000742b00000, 0x0000000742b00000, 0x0000000742c00000|  0%| F|  |TAMS 0x0000000742b00000, 0x0000000742b00000| Untracked 
|  44|0x0000000742c00000, 0x0000000742c00000, 0x0000000742d00000|  0%| F|  |TAMS 0x0000000742c00000, 0x0000000742c00000| Untracked 
|  45|0x0000000742d00000, 0x0000000742d00000, 0x0000000742e00000|  0%| F|  |TAMS 0x0000000742d00000, 0x0000000742d00000| Untracked 
|  46|0x0000000742e00000, 0x0000000742e00000, 0x0000000742f00000|  0%| F|  |TAMS 0x0000000742e00000, 0x0000000742e00000| Untracked 
|  47|0x0000000742f00000, 0x0000000742f00000, 0x0000000743000000|  0%| F|  |TAMS 0x0000000742f00000, 0x0000000742f00000| Untracked 
|  48|0x0000000743000000, 0x0000000743000000, 0x0000000743100000|  0%| F|  |TAMS 0x0000000743000000, 0x0000000743000000| Untracked 
|  49|0x0000000743100000, 0x0000000743100000, 0x0000000743200000|  0%| F|  |TAMS 0x0000000743100000, 0x0000000743100000| Untracked 
|  50|0x0000000743200000, 0x0000000743200000, 0x0000000743300000|  0%| F|  |TAMS 0x0000000743200000, 0x0000000743200000| Untracked 
|  51|0x0000000743300000, 0x0000000743300000, 0x0000000743400000|  0%| F|  |TAMS 0x0000000743300000, 0x0000000743300000| Untracked 
|  52|0x0000000743400000, 0x0000000743400000, 0x0000000743500000|  0%| F|  |TAMS 0x0000000743400000, 0x0000000743400000| Untracked 
|  53|0x0000000743500000, 0x0000000743500000, 0x0000000743600000|  0%| F|  |TAMS 0x0000000743500000, 0x0000000743500000| Untracked 
|  54|0x0000000743600000, 0x0000000743600000, 0x0000000743700000|  0%| F|  |TAMS 0x0000000743600000, 0x0000000743600000| Untracked 
|  55|0x0000000743700000, 0x0000000743700000, 0x0000000743800000|  0%| F|  |TAMS 0x0000000743700000, 0x0000000743700000| Untracked 
|  56|0x0000000743800000, 0x0000000743800000, 0x0000000743900000|  0%| F|  |TAMS 0x0000000743800000, 0x0000000743800000| Untracked 
|  57|0x0000000743900000, 0x0000000743900000, 0x0000000743a00000|  0%| F|  |TAMS 0x0000000743900000, 0x0000000743900000| Untracked 
|  58|0x0000000743a00000, 0x0000000743a00000, 0x0000000743b00000|  0%| F|  |TAMS 0x0000000743a00000, 0x0000000743a00000| Untracked 
|  59|0x0000000743b00000, 0x0000000743b00000, 0x0000000743c00000|  0%| F|  |TAMS 0x0000000743b00000, 0x0000000743b00000| Untracked 
|  60|0x0000000743c00000, 0x0000000743c00000, 0x0000000743d00000|  0%| F|  |TAMS 0x0000000743c00000, 0x0000000743c00000| Untracked 
|  61|0x0000000743d00000, 0x0000000743d00000, 0x0000000743e00000|  0%| F|  |TAMS 0x0000000743d00000, 0x0000000743d00000| Untracked 
|  62|0x0000000743e00000, 0x0000000743e00000, 0x0000000743f00000|  0%| F|  |TAMS 0x0000000743e00000, 0x0000000743e00000| Untracked 
|  63|0x0000000743f00000, 0x0000000743f00000, 0x0000000744000000|  0%| F|  |TAMS 0x0000000743f00000, 0x0000000743f00000| Untracked 
|  64|0x0000000744000000, 0x0000000744000000, 0x0000000744100000|  0%| F|  |TAMS 0x0000000744000000, 0x0000000744000000| Untracked 
|  65|0x0000000744100000, 0x0000000744100000, 0x0000000744200000|  0%| F|  |TAMS 0x0000000744100000, 0x0000000744100000| Untracked 
|  66|0x0000000744200000, 0x0000000744200000, 0x0000000744300000|  0%| F|  |TAMS 0x0000000744200000, 0x0000000744200000| Untracked 
|  67|0x0000000744300000, 0x0000000744300000, 0x0000000744400000|  0%| F|  |TAMS 0x0000000744300000, 0x0000000744300000| Untracked 
|  68|0x0000000744400000, 0x0000000744400000, 0x0000000744500000|  0%| F|  |TAMS 0x0000000744400000, 0x0000000744400000| Untracked 
|  69|0x0000000744500000, 0x0000000744500000, 0x0000000744600000|  0%| F|  |TAMS 0x0000000744500000, 0x0000000744500000| Untracked 
|  70|0x0000000744600000, 0x0000000744600000, 0x0000000744700000|  0%| F|  |TAMS 0x0000000744600000, 0x0000000744600000| Untracked 
|  71|0x0000000744700000, 0x0000000744700000, 0x0000000744800000|  0%| F|  |TAMS 0x0000000744700000, 0x0000000744700000| Untracked 
|  72|0x0000000744800000, 0x0000000744800000, 0x0000000744900000|  0%| F|  |TAMS 0x0000000744800000, 0x0000000744800000| Untracked 
|  73|0x0000000744900000, 0x0000000744900000, 0x0000000744a00000|  0%| F|  |TAMS 0x0000000744900000, 0x0000000744900000| Untracked 
|  74|0x0000000744a00000, 0x0000000744a00000, 0x0000000744b00000|  0%| F|  |TAMS 0x0000000744a00000, 0x0000000744a00000| Untracked 
|  75|0x0000000744b00000, 0x0000000744b00000, 0x0000000744c00000|  0%| F|  |TAMS 0x0000000744b00000, 0x0000000744b00000| Untracked 
|  76|0x0000000744c00000, 0x0000000744c00000, 0x0000000744d00000|  0%| F|  |TAMS 0x0000000744c00000, 0x0000000744c00000| Untracked 
|  77|0x0000000744d00000, 0x0000000744d00000, 0x0000000744e00000|  0%| F|  |TAMS 0x0000000744d00000, 0x0000000744d00000| Untracked 
|  78|0x0000000744e00000, 0x0000000744e00000, 0x0000000744f00000|  0%| F|  |TAMS 0x0000000744e00000, 0x0000000744e00000| Untracked 
|  79|0x0000000744f00000, 0x0000000744f00000, 0x0000000745000000|  0%| F|  |TAMS 0x0000000744f00000, 0x0000000744f00000| Untracked 
|  80|0x0000000745000000, 0x0000000745000000, 0x0000000745100000|  0%| F|  |TAMS 0x0000000745000000, 0x0000000745000000| Untracked 
|  81|0x0000000745100000, 0x0000000745100000, 0x0000000745200000|  0%| F|  |TAMS 0x0000000745100000, 0x0000000745100000| Untracked 
|  82|0x0000000745200000, 0x0000000745200000, 0x0000000745300000|  0%| F|  |TAMS 0x0000000745200000, 0x0000000745200000| Untracked 
|  83|0x0000000745300000, 0x0000000745300000, 0x0000000745400000|  0%| F|  |TAMS 0x0000000745300000, 0x0000000745300000| Untracked 
|  84|0x0000000745400000, 0x0000000745400000, 0x0000000745500000|  0%| F|  |TAMS 0x0000000745400000, 0x0000000745400000| Untracked 
|  85|0x0000000745500000, 0x0000000745500000, 0x0000000745600000|  0%| F|  |TAMS 0x0000000745500000, 0x0000000745500000| Untracked 
|  86|0x0000000745600000, 0x0000000745600000, 0x0000000745700000|  0%| F|  |TAMS 0x0000000745600000, 0x0000000745600000| Untracked 
|  87|0x0000000745700000, 0x0000000745700000, 0x0000000745800000|  0%| F|  |TAMS 0x0000000745700000, 0x0000000745700000| Untracked 
|  88|0x0000000745800000, 0x0000000745800000, 0x0000000745900000|  0%| F|  |TAMS 0x0000000745800000, 0x0000000745800000| Untracked 
|  89|0x0000000745900000, 0x0000000745900000, 0x0000000745a00000|  0%| F|  |TAMS 0x0000000745900000, 0x0000000745900000| Untracked 
|  90|0x0000000745a00000, 0x0000000745a00000, 0x0000000745b00000|  0%| F|  |TAMS 0x0000000745a00000, 0x0000000745a00000| Untracked 
|  91|0x0000000745b00000, 0x0000000745b00000, 0x0000000745c00000|  0%| F|  |TAMS 0x0000000745b00000, 0x0000000745b00000| Untracked 
|  92|0x0000000745c00000, 0x0000000745c00000, 0x0000000745d00000|  0%| F|  |TAMS 0x0000000745c00000, 0x0000000745c00000| Untracked 
|  93|0x0000000745d00000, 0x0000000745d00000, 0x0000000745e00000|  0%| F|  |TAMS 0x0000000745d00000, 0x0000000745d00000| Untracked 
|  94|0x0000000745e00000, 0x0000000745e00000, 0x0000000745f00000|  0%| F|  |TAMS 0x0000000745e00000, 0x0000000745e00000| Untracked 
|  95|0x0000000745f00000, 0x0000000745f00000, 0x0000000746000000|  0%| F|  |TAMS 0x0000000745f00000, 0x0000000745f00000| Untracked 
|  96|0x0000000746000000, 0x0000000746000000, 0x0000000746100000|  0%| F|  |TAMS 0x0000000746000000, 0x0000000746000000| Untracked 
|  97|0x0000000746100000, 0x0000000746100000, 0x0000000746200000|  0%| F|  |TAMS 0x0000000746100000, 0x0000000746100000| Untracked 
|  98|0x0000000746200000, 0x0000000746200000, 0x0000000746300000|  0%| F|  |TAMS 0x0000000746200000, 0x0000000746200000| Untracked 
|  99|0x0000000746300000, 0x0000000746300000, 0x0000000746400000|  0%| F|  |TAMS 0x0000000746300000, 0x0000000746300000| Untracked 
| 100|0x0000000746400000, 0x0000000746400000, 0x0000000746500000|  0%| F|  |TAMS 0x0000000746400000, 0x0000000746400000| Untracked 
| 101|0x0000000746500000, 0x0000000746500000, 0x0000000746600000|  0%| F|  |TAMS 0x0000000746500000, 0x0000000746500000| Untracked 
| 102|0x0000000746600000, 0x0000000746600000, 0x0000000746700000|  0%| F|  |TAMS 0x0000000746600000, 0x0000000746600000| Untracked 
| 103|0x0000000746700000, 0x0000000746700000, 0x0000000746800000|  0%| F|  |TAMS 0x0000000746700000, 0x0000000746700000| Untracked 
| 104|0x0000000746800000, 0x0000000746800000, 0x0000000746900000|  0%| F|  |TAMS 0x0000000746800000, 0x0000000746800000| Untracked 
| 105|0x0000000746900000, 0x0000000746900000, 0x0000000746a00000|  0%| F|  |TAMS 0x0000000746900000, 0x0000000746900000| Untracked 
| 106|0x0000000746a00000, 0x0000000746a00000, 0x0000000746b00000|  0%| F|  |TAMS 0x0000000746a00000, 0x0000000746a00000| Untracked 
| 107|0x0000000746b00000, 0x0000000746b00000, 0x0000000746c00000|  0%| F|  |TAMS 0x0000000746b00000, 0x0000000746b00000| Untracked 
| 108|0x0000000746c00000, 0x0000000746c00000, 0x0000000746d00000|  0%| F|  |TAMS 0x0000000746c00000, 0x0000000746c00000| Untracked 
| 109|0x0000000746d00000, 0x0000000746d00000, 0x0000000746e00000|  0%| F|  |TAMS 0x0000000746d00000, 0x0000000746d00000| Untracked 
| 110|0x0000000746e00000, 0x0000000746ef7da0, 0x0000000746f00000| 96%| E|  |TAMS 0x0000000746e00000, 0x0000000746e00000| Complete 
| 111|0x0000000746f00000, 0x0000000747000000, 0x0000000747000000|100%| E|  |TAMS 0x0000000746f00000, 0x0000000746f00000| Complete 
| 112|0x0000000747000000, 0x0000000747100000, 0x0000000747100000|100%| E|CS|TAMS 0x0000000747000000, 0x0000000747000000| Complete 
| 113|0x0000000747100000, 0x0000000747200000, 0x0000000747200000|100%| E|CS|TAMS 0x0000000747100000, 0x0000000747100000| Complete 
| 114|0x0000000747200000, 0x0000000747300000, 0x0000000747300000|100%| E|CS|TAMS 0x0000000747200000, 0x0000000747200000| Complete 
| 115|0x0000000747300000, 0x0000000747400000, 0x0000000747400000|100%| E|CS|TAMS 0x0000000747300000, 0x0000000747300000| Complete 
| 116|0x0000000747400000, 0x0000000747500000, 0x0000000747500000|100%| E|CS|TAMS 0x0000000747400000, 0x0000000747400000| Complete 
| 117|0x0000000747500000, 0x0000000747600000, 0x0000000747600000|100%| E|CS|TAMS 0x0000000747500000, 0x0000000747500000| Complete 
| 118|0x0000000747600000, 0x0000000747700000, 0x0000000747700000|100%| E|CS|TAMS 0x0000000747600000, 0x0000000747600000| Complete 
| 119|0x0000000747700000, 0x0000000747800000, 0x0000000747800000|100%| E|CS|TAMS 0x0000000747700000, 0x0000000747700000| Complete 
| 120|0x0000000747800000, 0x0000000747900000, 0x0000000747900000|100%| E|CS|TAMS 0x0000000747800000, 0x0000000747800000| Complete 
| 121|0x0000000747900000, 0x0000000747a00000, 0x0000000747a00000|100%| E|CS|TAMS 0x0000000747900000, 0x0000000747900000| Complete 
| 122|0x0000000747a00000, 0x0000000747b00000, 0x0000000747b00000|100%| E|CS|TAMS 0x0000000747a00000, 0x0000000747a00000| Complete 
| 123|0x0000000747b00000, 0x0000000747c00000, 0x0000000747c00000|100%| E|CS|TAMS 0x0000000747b00000, 0x0000000747b00000| Complete 
| 124|0x0000000747c00000, 0x0000000747d00000, 0x0000000747d00000|100%| E|CS|TAMS 0x0000000747c00000, 0x0000000747c00000| Complete 
| 125|0x0000000747d00000, 0x0000000747e00000, 0x0000000747e00000|100%| E|CS|TAMS 0x0000000747d00000, 0x0000000747d00000| Complete 
| 126|0x0000000747e00000, 0x0000000747f00000, 0x0000000747f00000|100%| E|CS|TAMS 0x0000000747e00000, 0x0000000747e00000| Complete 
| 127|0x0000000747f00000, 0x0000000748000000, 0x0000000748000000|100%| E|CS|TAMS 0x0000000747f00000, 0x0000000747f00000| Complete 

Card table byte_map: [0x0000000101504000,0x0000000101904000] _byte_map_base: 0x00000000fdb04000

Marking Bits (Prev, Next): (CMBitMap*) 0x0000000154835818, (CMBitMap*) 0x0000000154835850
 Prev Bits: [0x0000000118f78000, 0x000000011af78000)
 Next Bits: [0x000000011af78000, 0x000000011cf78000)

Polling page: 0x0000000100d48000

Metaspace:

Usage:
  Non-class:      9.02 MB capacity,     8.93 MB (>99%) used,    81.30 KB ( <1%) free+waste,     8.44 KB ( <1%) overhead. 
      Class:    943.00 KB capacity,   873.90 KB ( 93%) used,    65.66 KB (  7%) free+waste,     3.44 KB ( <1%) overhead. 
       Both:      9.94 MB capacity,     9.79 MB ( 98%) used,   146.97 KB (  1%) free+waste,    11.88 KB ( <1%) overhead. 

Virtual space:
  Non-class space:       10.00 MB reserved,       9.25 MB ( 92%) committed 
      Class space:        1.00 GB reserved,       1.00 MB ( <1%) committed 
             Both:        1.01 GB reserved,      10.25 MB ( <1%) committed 

Chunk freelists:
   Non-Class:  3.38 KB
       Class:  2.12 KB
        Both:  5.50 KB

CodeHeap 'non-profiled nmethods': size=120032Kb used=242Kb max_used=242Kb free=119789Kb
 bounds [0x0000000111640000, 0x00000001118b0000, 0x0000000118b78000]
CodeHeap 'profiled nmethods': size=120016Kb used=1461Kb max_used=1461Kb free=118554Kb
 bounds [0x000000010a10c000, 0x000000010a37c000, 0x0000000111640000]
CodeHeap 'non-nmethods': size=5712Kb used=1043Kb max_used=1073Kb free=4668Kb
 bounds [0x0000000109b78000, 0x0000000109de8000, 0x000000010a10c000]
 total_blobs=1109 nmethods=759 adapters=274
 compilation: enabled
              stopped_count=0, restarted_count=0
 full_count=0

Compilation events (10 events):
Event: 0.522 Thread 0x00000001548ed000 nmethod 756 0x000000010a271210 code [0x000000010a271500, 0x000000010a271fa0]
Event: 0.522 Thread 0x00000001548ed000  743       3       org.eclipse.jdt.launching.internal.org.objectweb.asm.ClassReader::readLabel (20 bytes)
Event: 0.522 Thread 0x00000001548ed000 nmethod 743 0x000000010a272610 code [0x000000010a2727c0, 0x000000010a272c90]
Event: 0.522 Thread 0x00000001548ed000  744       3       org.eclipse.jdt.launching.internal.org.objectweb.asm.ByteVector::put12 (64 bytes)
Event: 0.522 Thread 0x00000001548ed000 nmethod 744 0x000000010a272e10 code [0x000000010a272fc0, 0x000000010a2732c0]
Event: 0.522 Thread 0x00000001548ed000  754       1       java.security.CodeSource::getLocation (5 bytes)
Event: 0.522 Thread 0x00000001548ed000 nmethod 754 0x000000011167a190 code [0x000000011167a300, 0x000000011167a450]
Event: 0.522 Thread 0x00000001548ed000  757       3       org.eclipse.jdt.launching.internal.org.objectweb.asm.ByteVector::putInt (74 bytes)
Event: 0.522 Thread 0x00000001548ed000 nmethod 757 0x000000010a273490 code [0x000000010a273640, 0x000000010a273980]
Event: 0.522 Thread 0x00000001548ed000  759       3       org.eclipse.jdt.launching.internal.org.objectweb.asm.MethodWriter::putMethodInfo (1274 bytes)

GC Heap History (0 events):
No events

Deoptimization events (4 events):
Event: 0.158 Thread 0x0000000154817000 Uncommon trap: reason=unstable_if action=reinterpret pc=0x0000000111643bfc method=java.lang.StringLatin1.indexOf([BII)I @ 47 c2
Event: 0.160 Thread 0x0000000154817000 Uncommon trap: reason=unstable_if action=reinterpret pc=0x0000000111643360 method=java.lang.StringLatin1.indexOf([BII)I @ 47 c2
Event: 0.399 Thread 0x0000000154817000 Uncommon trap: reason=unstable_if action=reinterpret pc=0x00000001116553f0 method=java.util.zip.ZipFile$Source.isMetaName([BII)Z @ 43 c2
Event: 0.411 Thread 0x0000000154817000 Uncommon trap: reason=unstable_if action=reinterpret pc=0x000000011164f9b0 method=java.util.HashMap.putVal(ILjava/lang/Object;Ljava/lang/Object;ZZ)Ljava/lang/Object; @ 181 c2

Classes redefined (0 events):
No events

Internal exceptions (10 events):
Event: 0.422 Thread 0x0000000154817000 Exception <a 'java/security/PrivilegedActionException'{0x000000074764d2e8}> (0x000000074764d2e8) thrown at [open/src/hotspot/share/prims/jvm.cpp, line 1305]
Event: 0.422 Thread 0x0000000154817000 Exception <a 'java/security/PrivilegedActionException'{0x000000074764d5b8}> (0x000000074764d5b8) thrown at [open/src/hotspot/share/prims/jvm.cpp, line 1305]
Event: 0.422 Thread 0x0000000154817000 Exception <a 'java/security/PrivilegedActionException'{0x000000074764e100}> (0x000000074764e100) thrown at [open/src/hotspot/share/prims/jvm.cpp, line 1305]
Event: 0.422 Thread 0x0000000154817000 Exception <a 'java/security/PrivilegedActionException'{0x000000074764e3d0}> (0x000000074764e3d0) thrown at [open/src/hotspot/share/prims/jvm.cpp, line 1305]
Event: 0.422 Thread 0x0000000154817000 Exception <a 'java/security/PrivilegedActionException'{0x000000074764ef18}> (0x000000074764ef18) thrown at [open/src/hotspot/share/prims/jvm.cpp, line 1305]
Event: 0.422 Thread 0x0000000154817000 Exception <a 'java/security/PrivilegedActionException'{0x000000074764f1e8}> (0x000000074764f1e8) thrown at [open/src/hotspot/share/prims/jvm.cpp, line 1305]
Event: 0.422 Thread 0x0000000154817000 Exception <a 'java/security/PrivilegedActionException'{0x000000074764fd30}> (0x000000074764fd30) thrown at [open/src/hotspot/share/prims/jvm.cpp, line 1305]
Event: 0.422 Thread 0x0000000154817000 Exception <a 'java/security/PrivilegedActionException'{0x0000000747650000}> (0x0000000747650000) thrown at [open/src/hotspot/share/prims/jvm.cpp, line 1305]
Event: 0.449 Thread 0x0000000154817000 Exception <a 'java/lang/NoSuchMethodError'{0x00000007475b87f8}: java.lang.invoke.DirectMethodHandle$Holder.invokeStatic(Ljava/lang/Object;I)Ljava/lang/Object;> (0x00000007475b87f8) thrown at [open/src/hotspot/share/interpreter/linkResolver.cpp, line 772]
Event: 0.449 Thread 0x0000000154817000 Exception <a 'java/lang/NoSuchMethodError'{0x00000007475bc0f0}: java.lang.invoke.Invokers$Holder.linkToTargetMethod(ILjava/lang/Object;)Ljava/lang/Object;> (0x00000007475bc0f0) thrown at [open/src/hotspot/share/interpreter/linkResolver.cpp, line 772]

Events (10 events):
Event: 0.522 loading class javax/servlet/http/HttpServletResponse
Event: 0.522 loading class javax/servlet/http/HttpServletResponse done
Event: 0.522 loading class javax/servlet/ServletResponse
Event: 0.522 loading class javax/servlet/ServletResponse done
Event: 0.523 loading class org/apache/catalina/Wrapper
Event: 0.523 loading class org/apache/catalina/Wrapper done
Event: 0.523 loading class org/apache/catalina/startup/Tomcat
Event: 0.523 loading class org/apache/catalina/startup/Tomcat done
Event: 0.524 loading class java/lang/Class$EnclosingMethodInfo
Event: 0.524 loading class java/lang/Class$EnclosingMethodInfo done


Dynamic libraries:
0x0000000100da4000 	/Library/Java/JavaVirtualMachines/jdk-11.0.17.jdk/Contents/Home/lib/jli/libjli.dylib
0x00000001b3c61000 	/System/Library/Frameworks/Cocoa.framework/Versions/A/Cocoa
0x000000019faeb000 	/System/Library/Frameworks/AppKit.framework/Versions/C/AppKit
0x00000001a248f000 	/System/Library/Frameworks/CoreData.framework/Versions/A/CoreData
0x000000019d74f000 	/System/Library/Frameworks/Foundation.framework/Versions/C/Foundation
0x00000001a7e5c000 	/usr/lib/libSystem.B.dylib
0x00000001a09f6000 	/System/Library/PrivateFrameworks/UIFoundation.framework/Versions/A/UIFoundation
0x00000002084ea000 	/System/Library/PrivateFrameworks/CollectionViewCore.framework/Versions/A/CollectionViewCore
0x00000001ae10d000 	/System/Library/PrivateFrameworks/RemoteViewServices.framework/Versions/A/RemoteViewServices
0x00000001a6292000 	/System/Library/PrivateFrameworks/XCTTargetBootstrap.framework/Versions/A/XCTTargetBootstrap
0x00000001a9bf0000 	/System/Library/PrivateFrameworks/InternationalSupport.framework/Versions/A/InternationalSupport
0x00000001a9c77000 	/System/Library/PrivateFrameworks/UserActivity.framework/Versions/A/UserActivity
0x000000021f672000 	/System/Library/PrivateFrameworks/WindowManagement.framework/Versions/A/WindowManagement
0x000000019d419000 	/System/Library/Frameworks/SystemConfiguration.framework/Versions/A/SystemConfiguration
0x00000001a90f4000 	/usr/lib/libspindump.dylib
0x00000001a0b9c000 	/System/Library/Frameworks/UniformTypeIdentifiers.framework/Versions/A/UniformTypeIdentifiers
0x00000001a45a6000 	/usr/lib/libapp_launch_measurement.dylib
0x00000001a3a56000 	/System/Library/PrivateFrameworks/CoreAnalytics.framework/Versions/A/CoreAnalytics
0x00000001a45ad000 	/System/Library/PrivateFrameworks/CoreAutoLayout.framework/Versions/A/CoreAutoLayout
0x00000001a5aa1000 	/System/Library/Frameworks/Metal.framework/Versions/A/Metal
0x00000001a69f0000 	/usr/lib/liblangid.dylib
0x00000001a6298000 	/System/Library/PrivateFrameworks/CoreSVG.framework/Versions/A/CoreSVG
0x00000001a14c1000 	/System/Library/PrivateFrameworks/SkyLight.framework/Versions/A/SkyLight
0x00000001a18d9000 	/System/Library/Frameworks/CoreGraphics.framework/Versions/A/CoreGraphics
0x00000001ae7d8000 	/System/Library/Frameworks/Accelerate.framework/Versions/A/Accelerate
0x00000001a8b62000 	/System/Library/PrivateFrameworks/IconServices.framework/Versions/A/IconServices
0x00000001a5a81000 	/System/Library/Frameworks/IOSurface.framework/Versions/A/IOSurface
0x00000001a3a83000 	/usr/lib/libDiagnosticMessagesClient.dylib
0x00000001a7da2000 	/usr/lib/libz.1.dylib
0x00000001b1a3f000 	/System/Library/Frameworks/ApplicationServices.framework/Versions/A/ApplicationServices
0x00000001a627a000 	/System/Library/PrivateFrameworks/DFRFoundation.framework/Versions/A/DFRFoundation
0x000000019f369000 	/usr/lib/libicucore.A.dylib
0x00000001aab80000 	/System/Library/Frameworks/AudioToolbox.framework/Versions/A/AudioToolbox
0x00000001a9bfb000 	/System/Library/PrivateFrameworks/DataDetectorsCore.framework/Versions/A/DataDetectorsCore
0x00000001c0cfe000 	/System/Library/PrivateFrameworks/TextInput.framework/Versions/A/TextInput
0x00000001a1426000 	/usr/lib/libMobileGestalt.dylib
0x00000001a5f46000 	/System/Library/Frameworks/Carbon.framework/Versions/A/Frameworks/HIToolbox.framework/Versions/A/HIToolbox
0x00000001a3f2e000 	/System/Library/Frameworks/QuartzCore.framework/Versions/A/QuartzCore
0x000000019efc5000 	/System/Library/Frameworks/Security.framework/Versions/A/Security
0x00000001ae14d000 	/System/Library/Frameworks/Carbon.framework/Versions/A/Frameworks/SpeechRecognition.framework/Versions/A/SpeechRecognition
0x00000001a42e5000 	/System/Library/PrivateFrameworks/CoreUI.framework/Versions/A/CoreUI
0x000000019e8be000 	/System/Library/Frameworks/CoreAudio.framework/Versions/A/CoreAudio
0x00000001a3b5f000 	/System/Library/Frameworks/DiskArbitration.framework/Versions/A/DiskArbitration
0x00000001a9528000 	/System/Library/PrivateFrameworks/MultitouchSupport.framework/Versions/A/MultitouchSupport
0x00000001a1424000 	/usr/lib/libenergytrace.dylib
0x000000019f9ae000 	/System/Library/Frameworks/IOKit.framework/Versions/A/IOKit
0x00000001ae534000 	/System/Library/Frameworks/CoreServices.framework/Versions/A/CoreServices
0x00000001a4533000 	/System/Library/PrivateFrameworks/PerformanceAnalysis.framework/Versions/A/PerformanceAnalysis
0x00000001ebb1a000 	/System/Library/Frameworks/OpenGL.framework/Versions/A/OpenGL
0x00000001a45f7000 	/usr/lib/libxml2.2.dylib
0x00000001a73c4000 	/System/Library/PrivateFrameworks/MobileKeyBag.framework/Versions/A/MobileKeyBag
0x000000019c450000 	/usr/lib/libobjc.A.dylib
0x000000019c706000 	/usr/lib/libc++.1.dylib
0x00000001a1f24000 	/System/Library/Frameworks/ColorSync.framework/Versions/A/ColorSync
0x000000019c823000 	/System/Library/Frameworks/CoreFoundation.framework/Versions/A/CoreFoundation
0x00000001a6612000 	/System/Library/Frameworks/CoreImage.framework/Versions/A/CoreImage
0x000000019e6df000 	/System/Library/Frameworks/CoreText.framework/Versions/A/CoreText
0x00000001a62d1000 	/System/Library/Frameworks/ImageIO.framework/Versions/A/ImageIO
0x00000001a7e62000 	/System/Library/PrivateFrameworks/SoftLinking.framework/Versions/A/SoftLinking
0x00000001a80f6000 	/usr/lib/libcompression.dylib
0x00000001a9b4c000 	/System/Library/PrivateFrameworks/TextureIO.framework/Versions/A/TextureIO
0x00000001a8834000 	/usr/lib/libate.dylib
0x00000001a7e56000 	/usr/lib/system/libcache.dylib
0x00000001a7e0f000 	/usr/lib/system/libcommonCrypto.dylib
0x00000001a7e3d000 	/usr/lib/system/libcompiler_rt.dylib
0x00000001a7e33000 	/usr/lib/system/libcopyfile.dylib
0x000000019c584000 	/usr/lib/system/libcorecrypto.dylib
0x000000019c63a000 	/usr/lib/system/libdispatch.dylib
0x000000019c7cb000 	/usr/lib/system/libdyld.dylib
0x00000001a7e4c000 	/usr/lib/system/libkeymgr.dylib
0x00000001a7ded000 	/usr/lib/system/libmacho.dylib
0x00000001a74be000 	/usr/lib/system/libquarantine.dylib
0x00000001a7e49000 	/usr/lib/system/libremovefile.dylib
0x00000001a148b000 	/usr/lib/system/libsystem_asl.dylib
0x000000019c521000 	/usr/lib/system/libsystem_blocks.dylib
0x000000019c685000 	/usr/lib/system/libsystem_c.dylib
0x00000001a7e41000 	/usr/lib/system/libsystem_collections.dylib
0x00000001a69df000 	/usr/lib/system/libsystem_configuration.dylib
0x00000001a5a4f000 	/usr/lib/system/libsystem_containermanager.dylib
0x00000001a7af5000 	/usr/lib/system/libsystem_coreservices.dylib
0x000000019f620000 	/usr/lib/system/libsystem_darwin.dylib
0x00000001a7e4d000 	/usr/lib/system/libsystem_dnssd.dylib
0x000000019c682000 	/usr/lib/system/libsystem_featureflags.dylib
0x000000019c7f7000 	/usr/lib/system/libsystem_info.dylib
0x00000001a7db4000 	/usr/lib/system/libsystem_m.dylib
0x000000019c60e000 	/usr/lib/system/libsystem_malloc.dylib
0x00000001a140b000 	/usr/lib/system/libsystem_networkextension.dylib
0x000000019fa8a000 	/usr/lib/system/libsystem_notify.dylib
0x00000001a69e4000 	/usr/lib/system/libsystem_sandbox.dylib
0x00000001a7e46000 	/usr/lib/system/libsystem_secinit.dylib
0x000000019c785000 	/usr/lib/system/libsystem_kernel.dylib
0x000000019c7ef000 	/usr/lib/system/libsystem_platform.dylib
0x000000019c7be000 	/usr/lib/system/libsystem_pthread.dylib
0x00000001a2c60000 	/usr/lib/system/libsystem_symptoms.dylib
0x000000019c56a000 	/usr/lib/system/libsystem_trace.dylib
0x00000001a7e20000 	/usr/lib/system/libunwind.dylib
0x000000019c526000 	/usr/lib/system/libxpc.dylib
0x000000019c76d000 	/usr/lib/libc++abi.dylib
0x00000001a7e2b000 	/usr/lib/liboah.dylib
0x00000001a86f3000 	/usr/lib/liblzma.5.dylib
0x00000001a7e5e000 	/usr/lib/libfakelink.dylib
0x00000001a1049000 	/System/Library/Frameworks/CFNetwork.framework/Versions/A/CFNetwork
0x00000001a7f9d000 	/usr/lib/libarchive.2.dylib
0x00000001ac48b000 	/System/Library/Frameworks/Combine.framework/Versions/A/Combine
0x00000001aa54a000 	/usr/lib/swift/libswiftCore.dylib
0x00000001bddd7000 	/usr/lib/swift/libswiftCoreFoundation.dylib
0x00000001bbcb3000 	/usr/lib/swift/libswiftDarwin.dylib
0x00000001afa4c000 	/usr/lib/swift/libswiftDispatch.dylib
0x00000001bddf8000 	/usr/lib/swift/libswiftIOKit.dylib
0x00000001b1e62000 	/usr/lib/swift/libswiftObjectiveC.dylib
0x00000001bddeb000 	/usr/lib/swift/libswiftXPC.dylib
0x0000000225e9d000 	/usr/lib/swift/libswift_Concurrency.dylib
0x0000000225fef000 	/usr/lib/swift/libswift_StringProcessing.dylib
0x00000001b1e66000 	/usr/lib/swift/libswiftos.dylib
0x000000019f933000 	/System/Library/PrivateFrameworks/CoreServicesInternal.framework/Versions/A/CoreServicesInternal
0x00000001a74e9000 	/usr/lib/libbsm.0.dylib
0x00000001a7df3000 	/usr/lib/system/libkxld.dylib
0x00000001a456f000 	/System/Library/Frameworks/CoreServices.framework/Versions/A/Frameworks/FSEvents.framework/Versions/A/FSEvents
0x000000019f62b000 	/System/Library/Frameworks/CoreServices.framework/Versions/A/Frameworks/CarbonCore.framework/Versions/A/CarbonCore
0x00000001a3ac6000 	/System/Library/Frameworks/CoreServices.framework/Versions/A/Frameworks/Metadata.framework/Versions/A/Metadata
0x00000001a7afb000 	/System/Library/Frameworks/CoreServices.framework/Versions/A/Frameworks/OSServices.framework/Versions/A/OSServices
0x00000001a8024000 	/System/Library/Frameworks/CoreServices.framework/Versions/A/Frameworks/SearchKit.framework/Versions/A/SearchKit
0x00000001a2be3000 	/System/Library/Frameworks/CoreServices.framework/Versions/A/Frameworks/AE.framework/Versions/A/AE
0x000000019ccfb000 	/System/Library/Frameworks/CoreServices.framework/Versions/A/Frameworks/LaunchServices.framework/Versions/A/LaunchServices
0x00000001a869c000 	/System/Library/Frameworks/CoreServices.framework/Versions/A/Frameworks/DictionaryServices.framework/Versions/A/DictionaryServices
0x00000001a457c000 	/System/Library/Frameworks/CoreServices.framework/Versions/A/Frameworks/SharedFileList.framework/Versions/A/SharedFileList
0x00000001a80c3000 	/usr/lib/libapple_nghttp2.dylib
0x00000001a1045000 	/usr/lib/libnetwork.dylib
0x00000001a2867000 	/usr/lib/libsqlite3.dylib
0x00000001a2c69000 	/System/Library/Frameworks/Network.framework/Versions/A/Network
0x0000000224fef000 	/usr/lib/libCoreEntitlements.dylib
0x0000000211aca000 	/System/Library/PrivateFrameworks/MessageSecurity.framework/Versions/A/MessageSecurity
0x00000001a284d000 	/System/Library/PrivateFrameworks/ProtocolBuffer.framework/Versions/A/ProtocolBuffer
0x00000001a7ad7000 	/System/Library/PrivateFrameworks/AppleFSCompression.framework/Versions/A/AppleFSCompression
0x00000001a74d1000 	/usr/lib/libcoretls.dylib
0x00000001a870c000 	/usr/lib/libcoretls_cfhelpers.dylib
0x00000001a80f0000 	/usr/lib/libpam.2.dylib
0x00000001a8772000 	/usr/lib/libxar.1.dylib
0x00000001a8b3d000 	/usr/lib/libheimdal-asn1.dylib
0x00000001a7e63000 	/usr/lib/libpcap.A.dylib
0x00000001a2c56000 	/usr/lib/libdns_services.dylib
0x00000001a69ec000 	/System/Library/PrivateFrameworks/AppleSystemInfo.framework/Versions/A/AppleSystemInfo
0x00000001a71c5000 	/System/Library/PrivateFrameworks/IOMobileFramebuffer.framework/Versions/A/IOMobileFramebuffer
0x00000001a7ae8000 	/usr/lib/libbz2.1.0.dylib
0x00000001a74c1000 	/usr/lib/libCheckFix.dylib
0x00000001a14a3000 	/System/Library/PrivateFrameworks/TCC.framework/Versions/A/TCC
0x00000001a69f2000 	/System/Library/PrivateFrameworks/CoreNLP.framework/Versions/A/CoreNLP
0x00000001a3a85000 	/System/Library/PrivateFrameworks/MetadataUtilities.framework/Versions/A/MetadataUtilities
0x00000001a74fa000 	/usr/lib/libmecab.dylib
0x000000019d4a3000 	/usr/lib/libCRFSuite.dylib
0x00000001a7557000 	/usr/lib/libgermantok.dylib
0x00000001a809c000 	/usr/lib/libThaiTokenizer.dylib
0x00000001a3b68000 	/System/Library/Frameworks/Accelerate.framework/Versions/A/Frameworks/vImage.framework/Versions/A/vImage
0x00000001ae50b000 	/System/Library/Frameworks/Accelerate.framework/Versions/A/Frameworks/vecLib.framework/Versions/A/vecLib
0x00000001a87b8000 	/System/Library/Frameworks/Accelerate.framework/Versions/A/Frameworks/vecLib.framework/Versions/A/libvMisc.dylib
0x00000001a70c5000 	/System/Library/Frameworks/Accelerate.framework/Versions/A/Frameworks/vecLib.framework/Versions/A/libvDSP.dylib
0x000000019d0af000 	/System/Library/Frameworks/Accelerate.framework/Versions/A/Frameworks/vecLib.framework/Versions/A/libBLAS.dylib
0x00000001a81c8000 	/System/Library/Frameworks/Accelerate.framework/Versions/A/Frameworks/vecLib.framework/Versions/A/libLAPACK.dylib
0x00000001a755a000 	/System/Library/Frameworks/Accelerate.framework/Versions/A/Frameworks/vecLib.framework/Versions/A/libLinearAlgebra.dylib
0x00000001a80db000 	/System/Library/Frameworks/Accelerate.framework/Versions/A/Frameworks/vecLib.framework/Versions/A/libSparseBLAS.dylib
0x00000001a81c3000 	/System/Library/Frameworks/Accelerate.framework/Versions/A/Frameworks/vecLib.framework/Versions/A/libQuadrature.dylib
0x00000001a6aeb000 	/System/Library/Frameworks/Accelerate.framework/Versions/A/Frameworks/vecLib.framework/Versions/A/libBNNS.dylib
0x000000019d3b2000 	/System/Library/Frameworks/Accelerate.framework/Versions/A/Frameworks/vecLib.framework/Versions/A/libSparse.dylib
0x0000000210e00000 	/System/Library/PrivateFrameworks/MIL.framework/Versions/A/MIL
0x00000001a7e98000 	/usr/lib/libiconv.2.dylib
0x00000001a7dec000 	/usr/lib/libcharset.1.dylib
0x00000001a454f000 	/System/Library/Frameworks/OpenDirectory.framework/Versions/A/Frameworks/CFOpenDirectory.framework/Versions/A/CFOpenDirectory
0x00000001a453f000 	/System/Library/Frameworks/OpenDirectory.framework/Versions/A/OpenDirectory
0x00000001a870e000 	/System/Library/PrivateFrameworks/APFS.framework/Versions/A/APFS
0x00000001a73fb000 	/System/Library/Frameworks/SecurityFoundation.framework/Versions/A/SecurityFoundation
0x00000001a8781000 	/usr/lib/libutil.dylib
0x000000020fe81000 	/System/Library/PrivateFrameworks/InstalledContentLibrary.framework/Versions/A/InstalledContentLibrary
0x000000019f971000 	/System/Library/PrivateFrameworks/CoreServicesStore.framework/Versions/A/CoreServicesStore
0x0000000206eb7000 	/System/Library/PrivateFrameworks/AppleMobileFileIntegrity.framework/Versions/A/AppleMobileFileIntegrity
0x00000001bddb6000 	/usr/lib/libmis.dylib
0x00000001cbcdb000 	/System/Library/PrivateFrameworks/MobileSystemServices.framework/Versions/A/MobileSystemServices
0x00000001e6420000 	/System/Library/PrivateFrameworks/ConfigProfileHelper.framework/Versions/A/ConfigProfileHelper
0x00000001a809e000 	/System/Library/PrivateFrameworks/AppleSauce.framework/Versions/A/AppleSauce
0x000000019e188000 	/System/Library/PrivateFrameworks/LanguageModeling.framework/Versions/A/LanguageModeling
0x00000001a8785000 	/usr/lib/libxslt.1.dylib
0x00000001a7f8b000 	/usr/lib/libcmph.dylib
0x00000001a71b2000 	/System/Library/PrivateFrameworks/CoreEmoji.framework/Versions/A/CoreEmoji
0x00000001a6ae5000 	/System/Library/PrivateFrameworks/LinguisticData.framework/Versions/A/LinguisticData
0x000000019d36a000 	/System/Library/PrivateFrameworks/Lexicon.framework/Versions/A/Lexicon
0x00000001a748e000 	/System/Library/PrivateFrameworks/BackgroundTaskManagement.framework/Versions/A/BackgroundTaskManagement
0x000000022518e000 	/usr/lib/libTLE.dylib
0x0000000225f3a000 	/usr/lib/swift/libswift_RegexParser.dylib
0x00000001a93ed000 	/System/Library/PrivateFrameworks/AppleJPEG.framework/Versions/A/AppleJPEG
0x00000001a8b22000 	/usr/lib/libexpat.1.dylib
0x00000001a99ae000 	/System/Library/Frameworks/ImageIO.framework/Versions/A/Resources/libPng.dylib
0x00000001a99d9000 	/System/Library/Frameworks/ImageIO.framework/Versions/A/Resources/libTIFF.dylib
0x00000001a9ac2000 	/System/Library/Frameworks/ImageIO.framework/Versions/A/Resources/libGIF.dylib
0x00000001a9432000 	/System/Library/Frameworks/ImageIO.framework/Versions/A/Resources/libJP2.dylib
0x00000001a9a66000 	/System/Library/Frameworks/ImageIO.framework/Versions/A/Resources/libJPEG.dylib
0x00000001a9a5d000 	/System/Library/Frameworks/ImageIO.framework/Versions/A/Resources/libRadiance.dylib
0x00000001a5dcf000 	/System/Library/PrivateFrameworks/FontServices.framework/libFontParser.dylib
0x00000001a2b85000 	/System/Library/PrivateFrameworks/RunningBoardServices.framework/Versions/A/RunningBoardServices
0x00000001b4392000 	/System/Library/PrivateFrameworks/IOSurfaceAccelerator.framework/Versions/A/IOSurfaceAccelerator
0x00000001a9524000 	/System/Library/PrivateFrameworks/WatchdogClient.framework/Versions/A/WatchdogClient
0x000000019e301000 	/System/Library/Frameworks/CoreDisplay.framework/Versions/A/CoreDisplay
0x00000001a5ca9000 	/System/Library/Frameworks/CoreMedia.framework/Versions/A/CoreMedia
0x00000001a5a97000 	/System/Library/PrivateFrameworks/IOAccelerator.framework/Versions/A/IOAccelerator
0x00000001a46e0000 	/System/Library/Frameworks/CoreVideo.framework/Versions/A/CoreVideo
0x00000001a80ee000 	/System/Library/Frameworks/MetalPerformanceShaders.framework/Versions/A/MetalPerformanceShaders
0x00000001a9563000 	/System/Library/Frameworks/VideoToolbox.framework/Versions/A/VideoToolbox
0x00000001a2ac8000 	/System/Library/PrivateFrameworks/BaseBoard.framework/Versions/A/BaseBoard
0x00000001a9a58000 	/System/Library/PrivateFrameworks/GPUWrangler.framework/Versions/A/GPUWrangler
0x00000001a9a38000 	/System/Library/PrivateFrameworks/IOPresentment.framework/Versions/A/IOPresentment
0x00000001a9a60000 	/System/Library/PrivateFrameworks/DSExternalDisplay.framework/Versions/A/DSExternalDisplay
0x000000020c65b000 	/System/Library/PrivateFrameworks/GPUCompiler.framework/Versions/31001/Libraries/libllvm-flatbuffers.dylib
0x00000001ebb0d000 	/System/Library/Frameworks/OpenGL.framework/Versions/A/Libraries/libCoreFSCache.dylib
0x000000020c657000 	/System/Library/PrivateFrameworks/GPUCompiler.framework/Versions/31001/Libraries/libGPUCompilerUtils.dylib
0x00000001a9ac8000 	/System/Library/PrivateFrameworks/CMCaptureCore.framework/Versions/A/CMCaptureCore
0x00000002010f6000 	/System/Library/Frameworks/ExtensionFoundation.framework/Versions/A/ExtensionFoundation
0x00000001b01f3000 	/System/Library/PrivateFrameworks/CoreTime.framework/Versions/A/CoreTime
0x00000001a90df000 	/System/Library/PrivateFrameworks/AppServerSupport.framework/Versions/A/AppServerSupport
0x00000001ab462000 	/System/Library/PrivateFrameworks/perfdata.framework/Versions/A/perfdata
0x000000019e421000 	/System/Library/PrivateFrameworks/AudioToolboxCore.framework/Versions/A/AudioToolboxCore
0x00000001a5c7f000 	/System/Library/PrivateFrameworks/caulk.framework/Versions/A/caulk
0x00000001aad1f000 	/usr/lib/libAudioStatistics.dylib
0x00000001bd1f0000 	/System/Library/PrivateFrameworks/SystemPolicy.framework/Versions/A/SystemPolicy
0x00000001aafc1000 	/usr/lib/libSMC.dylib
0x00000001b3b36000 	/System/Library/Frameworks/CoreMIDI.framework/Versions/A/CoreMIDI
0x00000001a997b000 	/usr/lib/libAudioToolboxUtility.dylib
0x00000001b8f73000 	/System/Library/PrivateFrameworks/OSAServicesClient.framework/Versions/A/OSAServicesClient
0x00000001ab46f000 	/usr/lib/libperfcheck.dylib
0x00000001a8a0d000 	/System/Library/PrivateFrameworks/PlugInKit.framework/Versions/A/PlugInKit
0x00000001a73ed000 	/System/Library/PrivateFrameworks/AssertionServices.framework/Versions/A/AssertionServices
0x00000001ebb6f000 	/System/Library/Frameworks/OpenGL.framework/Versions/A/Libraries/libGLU.dylib
0x00000001ebb2e000 	/System/Library/Frameworks/OpenGL.framework/Versions/A/Libraries/libGFXShared.dylib
0x00000001ebd15000 	/System/Library/Frameworks/OpenGL.framework/Versions/A/Libraries/libGL.dylib
0x00000001ebb37000 	/System/Library/Frameworks/OpenGL.framework/Versions/A/Libraries/libGLImage.dylib
0x00000001ebb2b000 	/System/Library/Frameworks/OpenGL.framework/Versions/A/Libraries/libCVMSPluginSupport.dylib
0x000000022516d000 	/usr/lib/libRosetta.dylib
0x00000001ebb14000 	/System/Library/Frameworks/OpenGL.framework/Versions/A/Libraries/libCoreVMClient.dylib
0x00000001a6964000 	/System/Library/Frameworks/MetalPerformanceShaders.framework/Versions/A/Frameworks/MPSCore.framework/Versions/A/MPSCore
0x00000001a7a4d000 	/System/Library/Frameworks/MetalPerformanceShaders.framework/Versions/A/Frameworks/MPSImage.framework/Versions/A/MPSImage
0x00000001a756f000 	/System/Library/Frameworks/MetalPerformanceShaders.framework/Versions/A/Frameworks/MPSNeuralNetwork.framework/Versions/A/MPSNeuralNetwork
0x00000001a795b000 	/System/Library/Frameworks/MetalPerformanceShaders.framework/Versions/A/Frameworks/MPSMatrix.framework/Versions/A/MPSMatrix
0x00000001a776d000 	/System/Library/Frameworks/MetalPerformanceShaders.framework/Versions/A/Frameworks/MPSRayIntersector.framework/Versions/A/MPSRayIntersector
0x00000001a7989000 	/System/Library/Frameworks/MetalPerformanceShaders.framework/Versions/A/Frameworks/MPSNDArray.framework/Versions/A/MPSNDArray
0x00000002024c4000 	/System/Library/Frameworks/MetalPerformanceShaders.framework/Versions/A/Frameworks/MPSFunctions.framework/Versions/A/MPSFunctions
0x000000019cf75000 	/System/Library/PrivateFrameworks/MetalTools.framework/Versions/A/MetalTools
0x00000001a69ea000 	/System/Library/PrivateFrameworks/AggregateDictionary.framework/Versions/A/AggregateDictionary
0x00000001a88c6000 	/usr/lib/libIOReport.dylib
0x00000001b2d26000 	/System/Library/PrivateFrameworks/ASEProcessing.framework/Versions/A/ASEProcessing
0x00000001a8c7d000 	/System/Library/PrivateFrameworks/GraphVisualizer.framework/Versions/A/GraphVisualizer
0x000000020c568000 	/System/Library/PrivateFrameworks/FontServices.framework/Versions/A/FontServices
0x00000001a909d000 	/System/Library/PrivateFrameworks/OTSVG.framework/Versions/A/OTSVG
0x00000001a4293000 	/System/Library/Frameworks/ApplicationServices.framework/Versions/A/Frameworks/ATS.framework/Versions/A/Resources/libFontRegistry.dylib
0x00000001a90e9000 	/System/Library/PrivateFrameworks/FontServices.framework/libhvf.dylib
0x000000020c569000 	/System/Library/PrivateFrameworks/FontServices.framework/libXTFontStaticRegistryData.dylib
0x000000021e386000 	/System/Library/PrivateFrameworks/VideoToolboxParavirtualizationSupport.framework/Versions/A/VideoToolboxParavirtualizationSupport
0x00000001a8ad6000 	/System/Library/PrivateFrameworks/AppleVA.framework/Versions/A/AppleVA
0x00000001aad5f000 	/System/Library/Frameworks/ApplicationServices.framework/Versions/A/Frameworks/ATS.framework/Versions/A/ATS
0x00000001a2017000 	/System/Library/Frameworks/ApplicationServices.framework/Versions/A/Frameworks/HIServices.framework/Versions/A/HIServices
0x00000001a9ad4000 	/System/Library/Frameworks/ApplicationServices.framework/Versions/A/Frameworks/PrintCore.framework/Versions/A/PrintCore
0x00000001ab11a000 	/System/Library/Frameworks/ApplicationServices.framework/Versions/A/Frameworks/QD.framework/Versions/A/QD
0x00000001ab10e000 	/System/Library/Frameworks/ApplicationServices.framework/Versions/A/Frameworks/ColorSyncLegacy.framework/Versions/A/ColorSyncLegacy
0x00000001aad33000 	/System/Library/Frameworks/ApplicationServices.framework/Versions/A/Frameworks/SpeechSynthesis.framework/Versions/A/SpeechSynthesis
0x00000001a9a92000 	/System/Library/Frameworks/ApplicationServices.framework/Versions/A/Frameworks/ATSUI.framework/Versions/A/ATSUI
0x00000001ab0a1000 	/usr/lib/libcups.2.dylib
0x00000001ab47d000 	/System/Library/Frameworks/Kerberos.framework/Versions/A/Kerberos
0x00000001ab48e000 	/System/Library/Frameworks/GSS.framework/Versions/A/GSS
0x00000001aadd1000 	/usr/lib/libresolv.9.dylib
0x00000001a90f9000 	/System/Library/PrivateFrameworks/Heimdal.framework/Versions/A/Heimdal
0x00000001b1de4000 	/System/Library/Frameworks/Kerberos.framework/Versions/A/Libraries/libHeimdalProxy.dylib
0x00000001ab4de000 	/System/Library/PrivateFrameworks/CommonAuth.framework/Versions/A/CommonAuth
0x0000000200330000 	/System/Library/Frameworks/AVFAudio.framework/Versions/A/AVFAudio
0x00000001b8fc2000 	/System/Library/PrivateFrameworks/AXCoreUtilities.framework/Versions/A/AXCoreUtilities
0x00000001aacab000 	/System/Library/PrivateFrameworks/AudioSession.framework/Versions/A/AudioSession
0x00000001ac242000 	/System/Library/Frameworks/IOBluetooth.framework/Versions/A/IOBluetooth
0x00000001a8bd7000 	/System/Library/PrivateFrameworks/MediaExperience.framework/Versions/A/MediaExperience
0x00000001aab46000 	/System/Library/PrivateFrameworks/AudioSession.framework/libSessionUtility.dylib
0x00000001ab126000 	/System/Library/PrivateFrameworks/AudioResourceArbitration.framework/Versions/A/AudioResourceArbitration
0x00000001af123000 	/System/Library/PrivateFrameworks/PowerLog.framework/Versions/A/PowerLog
0x00000001af065000 	/System/Library/Frameworks/CoreBluetooth.framework/Versions/A/CoreBluetooth
0x00000001b1de5000 	/System/Library/Frameworks/AudioUnit.framework/Versions/A/AudioUnit
0x00000001a7250000 	/System/Library/PrivateFrameworks/CoreUtils.framework/Versions/A/CoreUtils
0x000000020af6d000 	/System/Library/PrivateFrameworks/CoreUtilsExtras.framework/Versions/A/CoreUtilsExtras
0x000000020fd1f000 	/System/Library/PrivateFrameworks/IO80211.framework/Versions/A/IO80211
0x00000001a8b47000 	/System/Library/PrivateFrameworks/IconFoundation.framework/Versions/A/IconFoundation
0x00000001ae139000 	/System/Library/PrivateFrameworks/SpeechRecognitionCore.framework/Versions/A/SpeechRecognitionCore
0x0000000101934000 	/Library/Java/JavaVirtualMachines/jdk-11.0.17.jdk/Contents/Home/lib/server/libjvm.dylib
0x0000000100d5c000 	/Library/Java/JavaVirtualMachines/jdk-11.0.17.jdk/Contents/Home/lib/libverify.dylib
0x0000000100e28000 	/Library/Java/JavaVirtualMachines/jdk-11.0.17.jdk/Contents/Home/lib/libjava.dylib
0x0000000100df4000 	/Library/Java/JavaVirtualMachines/jdk-11.0.17.jdk/Contents/Home/lib/libjimage.dylib
0x0000000100ea4000 	/Library/Java/JavaVirtualMachines/jdk-11.0.17.jdk/Contents/Home/lib/libjdwp.dylib
0x0000000100e5c000 	/Library/Java/JavaVirtualMachines/jdk-11.0.17.jdk/Contents/Home/lib/libinstrument.dylib
0x0000000100e74000 	/Library/Java/JavaVirtualMachines/jdk-11.0.17.jdk/Contents/Home/lib/libzip.dylib
0x0000000101904000 	/Library/Java/JavaVirtualMachines/jdk-11.0.17.jdk/Contents/Home/lib/libdt_socket.dylib
0x00000001214e0000 	/Library/Java/JavaVirtualMachines/jdk-11.0.17.jdk/Contents/Home/lib/libnio.dylib
0x0000000121520000 	/Library/Java/JavaVirtualMachines/jdk-11.0.17.jdk/Contents/Home/lib/libnet.dylib


VM Arguments:
jvm_args: -agentlib:jdwp=transport=dt_socket,suspend=y,address=localhost:52738 -javaagent:/Users/hemanthsaiyeddulapalli/eclipse/jee-2022-12/Eclipse.app/Contents/Eclipse/configuration/org.eclipse.osgi/412/0/.cp/lib/javaagent-shaded.jar -Dfile.encoding=UTF-8 
java_command: org.apache.catalina.startup.Tomcat$1
java_class_path (initial): /Users/hemanthsaiyeddulapalli/git/KnowCovid19/commits1/KnowCOVID-19/Covid19-website/target/classes:/Users/hemanthsaiyeddulapalli/.m2/repository/org/springframework/boot/spring-boot-starter-web/1.5.9.RELEASE/spring-boot-starter-web-1.5.9.RELEASE.jar:/Users/hemanthsaiyeddulapalli/.m2/repository/org/springframework/boot/spring-boot-starter/1.5.9.RELEASE/spring-boot-starter-1.5.9.RELEASE.jar:/Users/hemanthsaiyeddulapalli/.m2/repository/org/springframework/boot/spring-boot-starter-logging/1.5.9.RELEASE/spring-boot-starter-logging-1.5.9.RELEASE.jar:/Users/hemanthsaiyeddulapalli/.m2/repository/ch/qos/logback/logback-classic/1.1.11/logback-classic-1.1.11.jar:/Users/hemanthsaiyeddulapalli/.m2/repository/ch/qos/logback/logback-core/1.1.11/logback-core-1.1.11.jar:/Users/hemanthsaiyeddulapalli/.m2/repository/org/slf4j/jcl-over-slf4j/1.7.30/jcl-over-slf4j-1.7.30.jar:/Users/hemanthsaiyeddulapalli/.m2/repository/org/slf4j/jul-to-slf4j/1.7.30/jul-to-slf4j-1.7.30.jar:/Users/hemanthsaiyeddulapalli/.m2/repository/org/slf4j/log4j-over-slf4j/1.7.30/log4j-over-slf4j-1.7.30.jar:/Users/hemanthsaiyeddulapalli/.m2/repository/org/yaml/snakeyaml/1.17/snakeyaml-1.17.jar:/Users/hemanthsaiyeddulapalli/.m2/repository/org/hibernate/hibernate-validator/5.3.6.Final/hibernate-validator-5.3.6.Final.jar:/Users/hemanthsaiyeddulapalli/.m2/repository/javax/validation/validation-api/1.1.0.Final/validation-api-1.1.0.Final.jar:/Users/hemanthsaiyeddulapalli/.m2/repository/com/fasterxml/classmate/1.3.4/classmate-1.3.4.jar:/Users/hemanthsaiyeddulapalli/.m2/repository/org/springframework/spring-web/4.3.13.RELEASE/spring-web-4.3.13.RELEASE.jar:/Users/hemanthsaiyeddulapalli/.m2/repository/org/springframework/spring-webmvc/4.3.13.RELEASE/spring-webmvc-4.3.13.RELEASE.jar:/Users/hemanthsaiyeddulapalli/.m2/repository/org/springframework/spring-expression/4.3.13.RELEASE/spring-expression-4.3.13.RELEASE.jar:/Users/hemanthsaiyeddulapalli/.m2/repository/org/springframework/boot/spring-boot-star
Launcher Type: SUN_STANDARD

[Global flags]
     intx CICompilerCount                          = 4                                         {product} {ergonomic}
     uint ConcGCThreads                            = 2                                         {product} {ergonomic}
     uint G1ConcRefinementThreads                  = 8                                         {product} {ergonomic}
   size_t G1HeapRegionSize                         = 1048576                                   {product} {ergonomic}
    uintx GCDrainStackTargetSize                   = 64                                        {product} {ergonomic}
   size_t InitialHeapSize                          = 134217728                                 {product} {ergonomic}
   size_t MarkStackSize                            = 4194304                                   {product} {ergonomic}
   size_t MaxHeapSize                              = 2147483648                                {product} {ergonomic}
   size_t MaxNewSize                               = 1287651328                                {product} {ergonomic}
   size_t MinHeapDeltaBytes                        = 1048576                                   {product} {ergonomic}
    uintx NonNMethodCodeHeapSize                   = 5836492                                {pd product} {ergonomic}
    uintx NonProfiledCodeHeapSize                  = 122910874                              {pd product} {ergonomic}
    uintx ProfiledCodeHeapSize                     = 122910874                              {pd product} {ergonomic}
    uintx ReservedCodeCacheSize                    = 251658240                              {pd product} {ergonomic}
     bool SegmentedCodeCache                       = true                                      {product} {ergonomic}
     bool UseCompressedClassPointers               = true                                 {lp64_product} {ergonomic}
     bool UseCompressedOops                        = true                                 {lp64_product} {ergonomic}
     bool UseG1GC                                  = true                                      {product} {ergonomic}

Logging:
Log output configuration:
 #0: stdout all=warning uptime,level,tags
 #1: stderr all=off uptime,level,tags

Environment Variables:
PATH=/usr/bin:/bin:/usr/sbin:/sbin
SHELL=/bin/zsh

Signal Handlers:
SIGSEGV: [libjvm.dylib+0x684680], sa_mask[0]=11111111011111110111111111111111, sa_flags=SA_ONSTACK|SA_RESTART|SA_SIGINFO
SIGBUS: [libjvm.dylib+0x684680], sa_mask[0]=11111111011111110111111111111111, sa_flags=SA_RESTART|SA_SIGINFO
SIGFPE: [libjvm.dylib+0x684680], sa_mask[0]=11111111011111110111111111111111, sa_flags=SA_RESTART|SA_SIGINFO
SIGPIPE: [libjvm.dylib+0x5311e0], sa_mask[0]=11111111011111110111111111111111, sa_flags=SA_RESTART|SA_SIGINFO
SIGXFSZ: [libjvm.dylib+0x5311e0], sa_mask[0]=11111111011111110111111111111111, sa_flags=SA_RESTART|SA_SIGINFO
SIGILL: [libjvm.dylib+0x684680], sa_mask[0]=11111111011111110111111111111111, sa_flags=SA_RESTART|SA_SIGINFO
SIGUSR2: [libjvm.dylib+0x5317e0], sa_mask[0]=00100000000000000000000000000000, sa_flags=SA_RESTART|SA_SIGINFO
SIGHUP: [libjvm.dylib+0x52fea0], sa_mask[0]=11111111011111110111111111111111, sa_flags=SA_RESTART|SA_SIGINFO
SIGINT: [libjvm.dylib+0x52fea0], sa_mask[0]=11111111011111110111111111111111, sa_flags=SA_RESTART|SA_SIGINFO
SIGTERM: [libjvm.dylib+0x52fea0], sa_mask[0]=11111111011111110111111111111111, sa_flags=SA_RESTART|SA_SIGINFO
SIGQUIT: [libjvm.dylib+0x52fea0], sa_mask[0]=11111111011111110111111111111111, sa_flags=SA_RESTART|SA_SIGINFO


---------------  S Y S T E M  ---------------

OS:uname:Darwin 22.2.0 Darwin Kernel Version 22.2.0: Fri Nov 11 02:06:26 PST 2022; root:xnu-8792.61.2~4/RELEASE_ARM64_T8112 arm64
rlimit: STACK 8176k, CORE 0k, NPROC 1333, NOFILE 10240, AS infinity, DATA infinity, FSIZE infinity
load average:1.96 1.60 1.52

CPU:total 8 (initial active 8) 0x61:0x0:0xda33d83d:0, simd, crc, lse

Memory: 16k page, physical 8388608k(40832k free)

vm_info: Java HotSpot(TM) 64-Bit Server VM (11.0.17+10-LTS-269) for bsd-aarch64 JRE (11.0.17+10-LTS-269), built on Sep 13 2022 19:05:53 by "mach5one" with gcc Apple LLVM 12.0.0 (clang-1200.0.32.29)

END.
